<?xml version="1.0" encoding="UTF-8"?>
<robot generator="Robot 7.3.2 (Python 3.13.7 on darwin)" generated="2025-10-14T15:18:45.485705" rpa="false" schemaversion="5">
<suite id="s1" name="MyFirstTest" source="/Users/macos/Documents/GitHub/automation-framework/test/MyFirstTest.robot">
<test id="s1-t1" name="Create A Random String" line="5">
<kw name="Log To Console" owner="BuiltIn">
<arg>We are going to generate a random string</arg>
<doc>Logs the given message to the console.</doc>
<status status="PASS" start="2025-10-14T15:18:45.510639" elapsed="0.000129"/>
</kw>
<kw name="Generate Random String" owner="String">
<arg>10</arg>
<doc>Generates a string with a desired ``length`` from the given ``chars``.</doc>
<status status="PASS" start="2025-10-14T15:18:45.510886" elapsed="0.000155"/>
</kw>
<kw name="Log To Console" owner="BuiltIn">
<arg>We finished generating a random string</arg>
<doc>Logs the given message to the console.</doc>
<status status="PASS" start="2025-10-14T15:18:45.511131" elapsed="0.000073"/>
</kw>
<status status="PASS" start="2025-10-14T15:18:45.510096" elapsed="0.001196"/>
</test>
<status status="PASS" start="2025-10-14T15:18:45.486832" elapsed="0.024696"/>
</suite>
<statistics>
<total>
<stat pass="1" fail="0" skip="0">All Tests</stat>
</total>
<tag>
</tag>
<suite>
<stat name="MyFirstTest" id="s1" pass="1" fail="0" skip="0">MyFirstTest</stat>
</suite>
</statistics>
<errors>
</errors>
</robot>
